TEST CASE: 1


UNBALANCED TREE: 
                 /10
               /9
             /8
           /7
         /6
       /5
     /4
   /3
 /2
1

AVL: 
     /10
   /9
 /8
| |  /7
|  \6
|    \5
4
|  /3
 \2
   \1


HYPER: 

TEST CASE: 2


UNBALANCED TREE: 
                         /50
                       /40
                     /30
                    |  \25
                   /20
                  |  \15
                 /10
               /9
             /8
           /7
         /6
       /5
     /4
   /3
 /2
1

AVL: 
       /50
     /40
   /30
  |  \25
 /20
| |  /15
|  \10
|    \9
8
|    /7
|  /6
| |  \5
 \4
  |  /3
   \2
     \1


HYPER: 

TEST CASE: 3


UNBALANCED TREE: 
                         /50
                       /40
                     /30
                    |  \25
                   /20
                  |  \15
                 /10
               /9
             /8
           /7
         /6
       /5
     /4
   /3
 /2
1

AVL: 
       /50
     /40
   /30
  |  \25
 /20
| |  /15
|  \10
|    \9
8
|    /7
|  /6
| |  \5
 \4
  |  /3
   \2
     \1


HYPER: 

TEST CASE: 4


UNBALANCED TREE: 
                             /66
                           /55
                         /50
                        |  \44
                       /40
                      |  \35
                     /30
                    |  \25
                    |    \22
                   /20
                  | |  /18
                  |  \15
                 /10
               /9
             /8
           /7
         /6
       /5
     /4
   /3
 /2
1

AVL: 
     /66
   /55
 /50
| |    /44
| |  /40
| | |  \35
|  \30
|    \25
|      \22
20
|      /18
|    /15
|  /10
| |  \9
 \8
  |    /7
  |  /6
  | |  \5
   \4
    |  /3
     \2
       \1


HYPER: 

TEST CASE: 5


UNBALANCED TREE: 
                                     /450
                                   /350
                                  |  \300
                                 /200
                               /100
                             /66
                           /55
                         /50
                        |  \44
                       /40
                      |  \35
                     /30
                    |  \25
                    |    \22
                   /20
                  | |  /18
                  |  \15
                 /10
               /9
             /8
           /7
         /6
       /5
     /4
   /3
 /2
1

AVL: 
       /450
     /350
    |  \300
   /200
  | |  /100
  |  \66
  |    \55
 /50
| |    /44
| |  /40
| | |  \35
|  \30
|    \25
|      \22
20
|      /18
|    /15
|  /10
| |  \9
 \8
  |    /7
  |  /6
  | |  \5
   \4
    |  /3
     \2
       \1


HYPER: 

TEST CASE: 6


UNBALANCED TREE: 
                                     /450
                                   /350
                                  |  \300
                                 /200
                               /100
                              |  \70
                             /66
                            |  \60
                           /55
                          | |  /53
                          |  \52
                         /50
                        |  \44
                        |    \43
                       /40
                      |  \35
                     /30
                    |  \25
                    |    \22
                   /20
                  | |  /18
                  |  \15
                 /10
               /9
             /8
           /7
         /6
       /5
     /4
   /3
 /2
1

AVL: 
         /450
       /350
      |  \300
     /200
    |  \100
    |    \70
   /66
  | |  /60
  |  \55
  |   |  /53
  |    \52
 /50
| |    /44
| |   |  \43
| |  /40
| | |  \35
|  \30
|    \25
|      \22
20
|      /18
|    /15
|  /10
| |  \9
 \8
  |    /7
  |  /6
  | |  \5
   \4
    |  /3
     \2
       \1


HYPER: 

