Running: /opt/Xilinx/14.7/ISE_DS/ISE/bin/lin64/unwrapped/fuse -intstyle ise -incremental -lib unisims_ver -lib unimacro_ver -lib xilinxcorelib_ver -lib secureip -o /home/ise/virtualshare/Lab06/CS161L_Lab08/SPFPMultiplier_tb_isim_beh.exe -prj /home/ise/virtualshare/Lab06/CS161L_Lab08/SPFPMultiplier_tb_beh.prj SPFPMultiplier_tb work.glbl 
ISim P.20160913 (signature 0xfbc00daa)
Number of CPUs detected in this system: 1
Turning on mult-threading, number of parallel sub-compilation jobs: 0 
Determining compilation order of HDL files
Analyzing Verilog file "/home/ise/virtualshare/Lab06/CS161L_Lab08/SPFPMult.v" into library work
Analyzing Verilog file "/home/ise/virtualshare/Lab06/CS161L_Lab08/SPFPMultiplier_tb.v" into library work
Analyzing Verilog file "/opt/Xilinx/14.7/ISE_DS/ISE//verilog/src/glbl.v" into library work
Starting static elaboration
Completed static elaboration
Fuse Memory Usage: 94936 KB
Fuse CPU Usage: 1050 ms
Compiling module SPFPMultipier
Compiling module SPFPMultiplier_tb
Compiling module glbl
Time Resolution for simulation is 1ps.
Compiled 3 Verilog Units
Built simulation executable /home/ise/virtualshare/Lab06/CS161L_Lab08/SPFPMultiplier_tb_isim_beh.exe
Fuse Memory Usage: 98056 KB
Fuse CPU Usage: 1070 ms
GCC CPU Usage: 210 ms
